#
# A fatal error has been detected by the Java Runtime Environment:
#
#  EXCEPTION_ACCESS_VIOLATION (0xc0000005) at pc=0x000000000538560b, pid=12944, tid=0x0000000000003b3c
#
# JRE version: OpenJDK Runtime Environment (8.0_152-b01) (build 1.8.0_152-release-1248-b01)
# Java VM: OpenJDK 64-Bit Server VM (25.152-b01 mixed mode windows-amd64 compressed oops)
# Problematic frame:
# J 16612 C2 com.android.tools.r8.ir.regalloc.LinearScanRegisterAllocator.getRegisterForValue(Lcom/android/tools/r8/ir/code/Value;I)I (43 bytes) @ 0x000000000538560b [0x00000000053855a0+0x6b]
#
# Failed to write core dump. Minidumps are not enabled by default on client versions of Windows
#
# If you would like to submit a bug report, please visit:
#   http://bugreport.java.com/bugreport/crash.jsp
#

---------------  T H R E A D  ---------------

Current thread (0x000000002206e000):  JavaThread "ForkJoinPool.commonPool-worker-4" daemon [_thread_in_Java, id=15164, stack(0x000000002fc10000,0x000000002fd10000)]

siginfo: ExceptionCode=0xc0000005, reading address 0xffffffffffffffff

Registers:
RAX=0x00000000ec2fb8a8, RBX=0x00000000ec5f8b28, RCX=0x0000000100ab7958, RDX=0x00000000ec26bcd0
RSP=0x000000002fd0e400, RBP=0x00000000ebc05b88, RSI=0x000000000000000f, RDI=0x0000000000000003
R8 =0x0000000000000000, R9 =0x000000000000000c, R10=0x00000000ec2fb8f0, R11=0x00000000ec2fb8f0
R12=0x0000000000000000, R13=0x00000000ec2fba78, R14=0x000000001d54a0f8, R15=0x000000002206e000
RIP=0x000000000538560b, EFLAGS=0x0000000000010246

Top of Stack: (sp=0x000000002fd0e400)
0x000000002fd0e400:   00000000ebd07d10 0000000cec6864a0
0x000000002fd0e410:   0000000000000005 000000000573c83c
0x000000002fd0e420:   00000000ec217ee8 00000000ec6864a0
0x000000002fd0e430:   00000000ec68e2e8 0000000000000005
0x000000002fd0e440:   00000000ebc05b88 0000000002b3a73c
0x000000002fd0e450:   00000000ebc05b88 0000000005736ea4
0x000000002fd0e460:   00000000ec68e1d8 00000000ebc55590
0x000000002fd0e470:   00000000ec6864a0 0000000000000000
0x000000002fd0e480:   0000000100ad6f48 000000002206e000
0x000000002fd0e490:   00000000ebc05b88 000000000663bbdc
0x000000002fd0e4a0:   000000002fd0e578 00000000060f2b84
0x000000002fd0e4b0:   0000000000000000 0000000000000809
0x000000002fd0e4c0:   000000001f02f7d0 00000000685d6afd
0x000000002fd0e4d0:   00000000ec217b60 00000000ec6864a0
0x000000002fd0e4e0:   000000002ae1a270 000000002206e000
0x000000002fd0e4f0:   00000000ec6864a0 00000000ebd07d10 

Instructions: (pc=0x000000000538560b)
0x00000000053855eb:   41 8b 40 38 44 8b 50 30 45 8b 5a 08 41 81 fb ec
0x00000000053855fb:   2d 00 20 0f 85 e2 02 00 00 4d 8b da 45 8b 43 10
0x000000000538560b:   4c 8b e8 45 85 c0 75 2f 41 8b 45 10 3b c7 0f 8c
0x000000000538561b:   dd 01 00 00 2b c7 85 db 74 11 44 8b 5b 0c 41 3b 


Register to memory mapping:

RAX=0x00000000ec2fb8a8 is an oop
com.android.tools.r8.ir.regalloc.LiveIntervals 
 - klass: 'com/android/tools/r8/ir/regalloc/LiveIntervals'
RBX=0x00000000ec5f8b28 is an oop
[I 
 - klass: {type array int}
 - length: 16
RCX=0x0000000100ab7958 is pointing into metadata
RDX=0x00000000ec26bcd0 is an oop
com.android.tools.r8.ir.regalloc.LinearScanRegisterAllocator 
 - klass: 'com/android/tools/r8/ir/regalloc/LinearScanRegisterAllocator'
RSP=0x000000002fd0e400 is pointing into the stack for thread: 0x000000002206e000
RBP=0x00000000ebc05b88 is an oop
java.util.LinkedList 
 - klass: 'java/util/LinkedList'
RSI=0x000000000000000f is an unknown value
RDI=0x0000000000000003 is an unknown value
R8 =0x0000000000000000 is an unknown value
R9 =0x000000000000000c is an unknown value
R10=0x00000000ec2fb8f0 is an oop
java.util.ArrayList 
 - klass: 'java/util/ArrayList'
R11=0x00000000ec2fb8f0 is an oop
java.util.ArrayList 
 - klass: 'java/util/ArrayList'
R12=0x0000000000000000 is an unknown value
R13=0x00000000ec2fba78 is an oop
com.android.tools.r8.ir.regalloc.LiveIntervals 
 - klass: 'com/android/tools/r8/ir/regalloc/LiveIntervals'
R14=0x000000001d54a0f8 is pointing into metadata
R15=0x000000002206e000 is a thread


Stack: [0x000000002fc10000,0x000000002fd10000],  sp=0x000000002fd0e400,  free space=1017k
Native frames: (J=compiled Java code, j=interpreted, Vv=VM code, C=native code)
C  0x000000000538560b


---------------  P R O C E S S  ---------------

Java Threads: ( => current thread )
  0x0000000023512800 JavaThread "ForkJoinPool.commonPool-worker-1" daemon [_thread_blocked, id=15332, stack(0x0000000030010000,0x0000000030110000)]
  0x0000000023515800 JavaThread "ForkJoinPool.commonPool-worker-8" daemon [_thread_blocked, id=12012, stack(0x000000002ff10000,0x0000000030010000)]
  0x0000000022071000 JavaThread "ForkJoinPool.commonPool-worker-6" daemon [_thread_blocked, id=11824, stack(0x000000002fe10000,0x000000002ff10000)]
  0x000000002206a000 JavaThread "ForkJoinPool.commonPool-worker-13" daemon [_thread_blocked, id=6340, stack(0x000000002fd10000,0x000000002fe10000)]
=>0x000000002206e000 JavaThread "ForkJoinPool.commonPool-worker-4" daemon [_thread_in_Java, id=15164, stack(0x000000002fc10000,0x000000002fd10000)]
  0x000000002206b000 JavaThread "ForkJoinPool.commonPool-worker-11" daemon [_thread_blocked, id=14884, stack(0x000000002fb10000,0x000000002fc10000)]
  0x0000000022062800 JavaThread "ForkJoinPool.commonPool-worker-2" daemon [_thread_blocked, id=13680, stack(0x000000002fa10000,0x000000002fb10000)]
  0x0000000022068000 JavaThread "ForkJoinPool.commonPool-worker-9" daemon [_thread_blocked, id=15084, stack(0x000000002f910000,0x000000002fa10000)]
  0x0000000022064000 JavaThread "ForkJoinPool.commonPool-worker-0" daemon [_thread_blocked, id=2976, stack(0x000000002f810000,0x000000002f910000)]
  0x000000001bc5b800 JavaThread "Cache worker for Java compile cache (C:\Users\Dal\Documents\Projects\ChessTime\.gradle\4.10.1\javaCompile)" [_thread_blocked, id=14180, stack(0x000000002f710000,0x000000002f810000)]
  0x000000001bc62800 JavaThread "Cache worker for Build Output Cleanup Cache (C:\Users\Dal\Documents\Projects\ChessTime\.gradle\buildOutputCleanup)" [_thread_blocked, id=8964, stack(0x000000002f610000,0x000000002f710000)]
  0x000000001bc60000 JavaThread "Cache worker for task history cache (C:\Users\Dal\Documents\Projects\ChessTime\.gradle\4.10.1\taskHistory)" [_thread_blocked, id=3696, stack(0x000000002f510000,0x000000002f610000)]
  0x000000001bc5d000 JavaThread "Task worker for ':' Thread 15" [_thread_blocked, id=4064, stack(0x000000002f410000,0x000000002f510000)]
  0x000000001bc5c800 JavaThread "Task worker for ':' Thread 14" [_thread_blocked, id=11668, stack(0x000000002f310000,0x000000002f410000)]
  0x000000001bc5f800 JavaThread "Task worker for ':' Thread 13" [_thread_blocked, id=1044, stack(0x000000002f210000,0x000000002f310000)]
  0x000000001f3da800 JavaThread "Task worker for ':' Thread 12" [_thread_blocked, id=8704, stack(0x000000002f110000,0x000000002f210000)]
  0x000000001f3d5800 JavaThread "Task worker for ':' Thread 11" [_thread_blocked, id=14876, stack(0x000000002e040000,0x000000002e140000)]
  0x000000001f3d9000 JavaThread "Task worker for ':' Thread 10" [_thread_blocked, id=11396, stack(0x000000002df40000,0x000000002e040000)]
  0x000000001f3d8800 JavaThread "Task worker for ':' Thread 9" [_thread_blocked, id=13532, stack(0x000000002dd10000,0x000000002de10000)]
  0x000000001f3d0000 JavaThread "Task worker for ':' Thread 8" [_thread_blocked, id=5432, stack(0x000000002dc10000,0x000000002dd10000)]
  0x000000001f3d4800 JavaThread "Task worker for ':' Thread 7" [_thread_blocked, id=6172, stack(0x000000002db10000,0x000000002dc10000)]
  0x000000001f3d4000 JavaThread "Task worker for ':' Thread 6" [_thread_blocked, id=11864, stack(0x000000002da10000,0x000000002db10000)]
  0x000000001f3d6000 JavaThread "Task worker for ':' Thread 5" [_thread_blocked, id=14872, stack(0x000000002d910000,0x000000002da10000)]
  0x000000001f3d7000 JavaThread "Task worker for ':' Thread 4" [_thread_blocked, id=3944, stack(0x000000002d810000,0x000000002d910000)]
  0x000000001f3d2800 JavaThread "Task worker for ':' Thread 3" [_thread_blocked, id=2192, stack(0x000000002d710000,0x000000002d810000)]
  0x000000001f3cc800 JavaThread "Task worker for ':' Thread 2" [_thread_blocked, id=7084, stack(0x000000002d610000,0x000000002d710000)]
  0x000000001f3cf800 JavaThread "Task worker for ':'" [_thread_blocked, id=14392, stack(0x000000002a970000,0x000000002aa70000)]
  0x000000001f3d1800 JavaThread "Cache worker for file content cache (C:\Users\Dal\Documents\Projects\ChessTime\.gradle\4.10.1\fileContent)" [_thread_blocked, id=5604, stack(0x000000002a870000,0x000000002a970000)]
  0x000000001f3ce000 JavaThread "Build operations Thread 16" [_thread_blocked, id=11044, stack(0x000000002a770000,0x000000002a870000)]
  0x000000001fdc1000 JavaThread "Build operations Thread 15" [_thread_blocked, id=15284, stack(0x000000002a670000,0x000000002a770000)]
  0x000000001fdbe800 JavaThread "Build operations Thread 14" [_thread_blocked, id=13984, stack(0x000000002a570000,0x000000002a670000)]
  0x000000001fdc4000 JavaThread "Build operations Thread 13" [_thread_blocked, id=12864, stack(0x000000002a470000,0x000000002a570000)]
  0x000000001fdbf800 JavaThread "Build operations Thread 12" [_thread_blocked, id=13548, stack(0x000000002a370000,0x000000002a470000)]
  0x000000001fdc2800 JavaThread "Build operations Thread 11" [_thread_blocked, id=6492, stack(0x000000002a270000,0x000000002a370000)]
  0x000000001fdbe000 JavaThread "Build operations Thread 10" [_thread_blocked, id=11256, stack(0x000000002a170000,0x000000002a270000)]
  0x000000001fdc3000 JavaThread "Build operations Thread 9" [_thread_blocked, id=14032, stack(0x000000002a070000,0x000000002a170000)]
  0x000000001fdc1800 JavaThread "Build operations Thread 8" [_thread_blocked, id=6052, stack(0x0000000029f70000,0x000000002a070000)]
  0x000000001fdb6800 JavaThread "Build operations Thread 7" [_thread_blocked, id=12824, stack(0x0000000029e70000,0x0000000029f70000)]
  0x000000001fdb5800 JavaThread "Build operations Thread 6" [_thread_blocked, id=6356, stack(0x0000000029d70000,0x0000000029e70000)]
  0x000000001fdbc800 JavaThread "Build operations Thread 5" [_thread_blocked, id=8852, stack(0x0000000029c70000,0x0000000029d70000)]
  0x000000001fdb5000 JavaThread "Build operations Thread 4" [_thread_blocked, id=7360, stack(0x0000000029370000,0x0000000029470000)]
  0x000000001fdbb000 JavaThread "Build operations Thread 3" [_thread_blocked, id=9368, stack(0x0000000029170000,0x0000000029270000)]
  0x000000001fdba000 JavaThread "Build operations Thread 2" [_thread_blocked, id=9480, stack(0x0000000029070000,0x0000000029170000)]
  0x000000001fdb9800 JavaThread "Build operations" [_thread_blocked, id=8908, stack(0x0000000028f70000,0x0000000029070000)]
  0x000000001fdbb800 JavaThread "Cache worker for cache directory md-rule (C:\Users\Dal\.gradle\caches\4.10.1\md-rule)" [_thread_blocked, id=14740, stack(0x0000000028e70000,0x0000000028f70000)]
  0x000000001fdb8800 JavaThread "Cache worker for cache directory md-supplier (C:\Users\Dal\.gradle\caches\4.10.1\md-supplier)" [_thread_blocked, id=13376, stack(0x00000000279a0000,0x0000000027aa0000)]
  0x000000001f81c800 JavaThread "Cache worker for file hash cache (C:\Users\Dal\Documents\Projects\ChessTime\.gradle\4.10.1\fileHashes)" [_thread_blocked, id=13440, stack(0x00000000278a0000,0x00000000279a0000)]
  0x000000001f81e000 JavaThread "Stdin handler" [_thread_blocked, id=14528, stack(0x00000000277a0000,0x00000000278a0000)]
  0x000000001f81b800 JavaThread "Asynchronous log dispatcher for DefaultDaemonConnection: socket connection from /127.0.0.1:50304 to /127.0.0.1:51139" [_thread_blocked, id=12408, stack(0x00000000276a0000,0x00000000277a0000)]
  0x000000001f813800 JavaThread "Daemon worker Thread 11" [_thread_blocked, id=13924, stack(0x00000000275a0000,0x00000000276a0000)]
  0x000000001f81a000 JavaThread "Cancel handler" [_thread_blocked, id=11312, stack(0x00000000274a0000,0x00000000275a0000)]
  0x000000001f812800 JavaThread "Handler for socket connection from /127.0.0.1:50304 to /127.0.0.1:51139" [_thread_in_native, id=7980, stack(0x00000000273a0000,0x00000000274a0000)]
  0x000000001f819800 JavaThread "Daemon Thread 11" [_thread_blocked, id=13488, stack(0x00000000272a0000,0x00000000273a0000)]
  0x0000000023518800 JavaThread "ForkJoinPool.commonPool-worker-15" daemon [_thread_blocked, id=14576, stack(0x000000001e990000,0x000000001ea90000)]
  0x000000001f817000 JavaThread "pool-1-thread-1" [_thread_blocked, id=12836, stack(0x000000002de40000,0x000000002df40000)]
  0x000000001fdbd000 JavaThread "Cache worker for Java compile cache (C:\Users\Dal\.gradle\caches\4.10.1\javaCompile)" [_thread_blocked, id=13976, stack(0x0000000029270000,0x0000000029370000)]
  0x0000000022065000 JavaThread "Cache worker for file content cache (C:\Users\Dal\.gradle\caches\4.10.1\fileContent)" [_thread_blocked, id=14932, stack(0x00000000267a0000,0x00000000268a0000)]
  0x0000000022069800 JavaThread "Memory manager" [_thread_blocked, id=7808, stack(0x0000000026340000,0x0000000026440000)]
  0x000000001f3d3000 JavaThread "Cache worker for Artifact transforms cache (C:\Users\Dal\.gradle\caches\transforms-1)" [_thread_blocked, id=9656, stack(0x0000000021840000,0x0000000021940000)]
  0x00000000182b8800 JavaThread "Cache worker for journal cache (C:\Users\Dal\.gradle\caches\journal-1)" [_thread_blocked, id=5664, stack(0x000000001fa60000,0x000000001fb60000)]
  0x00000000184c5800 JavaThread "File lock request listener" [_thread_in_native, id=11204, stack(0x000000001d8c0000,0x000000001d9c0000)]
  0x0000000018495800 JavaThread "Cache worker for file hash cache (C:\Users\Dal\.gradle\caches\4.10.1\fileHashes)" [_thread_blocked, id=8136, stack(0x000000001d7c0000,0x000000001d8c0000)]
  0x000000001bed2000 JavaThread "Daemon periodic checks" [_thread_blocked, id=3004, stack(0x000000001ccc0000,0x000000001cdc0000)]
  0x000000001bec9000 JavaThread "Incoming local TCP Connector on port 50304" [_thread_in_native, id=1348, stack(0x000000001ca80000,0x000000001cb80000)]
  0x0000000018317000 JavaThread "Service Thread" daemon [_thread_blocked, id=6396, stack(0x000000001ab70000,0x000000001ac70000)]
  0x00000000182b4000 JavaThread "C1 CompilerThread11" daemon [_thread_blocked, id=9968, stack(0x000000001aa70000,0x000000001ab70000)]
  0x00000000182b5800 JavaThread "C1 CompilerThread10" daemon [_thread_blocked, id=12532, stack(0x000000001a970000,0x000000001aa70000)]
  0x00000000182b5000 JavaThread "C1 CompilerThread9" daemon [_thread_blocked, id=12760, stack(0x000000001a770000,0x000000001a870000)]
  0x00000000182b8000 JavaThread "C1 CompilerThread8" daemon [_thread_blocked, id=6768, stack(0x000000001a670000,0x000000001a770000)]
  0x0000000018294000 JavaThread "C2 CompilerThread7" daemon [_thread_blocked, id=14172, stack(0x000000001a570000,0x000000001a670000)]
  0x000000001827b800 JavaThread "C2 CompilerThread6" daemon [_thread_in_native, id=12736, stack(0x000000001a470000,0x000000001a570000)]
  0x0000000018248800 JavaThread "C2 CompilerThread5" daemon [_thread_in_native, id=10448, stack(0x000000001a370000,0x000000001a470000)]
  0x000000001823c000 JavaThread "C2 CompilerThread4" daemon [_thread_in_native, id=8784, stack(0x000000001a270000,0x000000001a370000)]
  0x000000001822a800 JavaThread "C2 CompilerThread3" daemon [_thread_blocked, id=4184, stack(0x000000001a170000,0x000000001a270000)]
  0x0000000018223800 JavaThread "C2 CompilerThread2" daemon [_thread_in_native, id=964, stack(0x000000001a070000,0x000000001a170000)]
  0x0000000018222800 JavaThread "C2 CompilerThread1" daemon [_thread_blocked, id=9432, stack(0x0000000019f70000,0x000000001a070000)]
  0x0000000018220800 JavaThread "C2 CompilerThread0" daemon [_thread_blocked, id=10888, stack(0x0000000019e70000,0x0000000019f70000)]
  0x0000000018233000 JavaThread "Attach Listener" daemon [_thread_blocked, id=14012, stack(0x0000000019d70000,0x0000000019e70000)]
  0x0000000018230800 JavaThread "Signal Dispatcher" daemon [_thread_blocked, id=13080, stack(0x0000000019c70000,0x0000000019d70000)]
  0x0000000018216800 JavaThread "Finalizer" daemon [_thread_blocked, id=14708, stack(0x0000000019a70000,0x0000000019b70000)]
  0x00000000181f5800 JavaThread "Reference Handler" daemon [_thread_blocked, id=10280, stack(0x0000000019970000,0x0000000019a70000)]
  0x00000000022de000 JavaThread "main" [_thread_blocked, id=3300, stack(0x00000000022e0000,0x00000000023e0000)]

Other Threads:
  0x00000000181f2800 VMThread [stack: 0x0000000019870000,0x0000000019970000] [id=11548]
  0x000000001831b800 WatcherThread [stack: 0x000000001ac70000,0x000000001ad70000] [id=7500]

VM state:not at safepoint (normal execution)

VM Mutex/Monitor currently owned by a thread: None

Heap:
 PSYoungGen      total 482304K, used 211069K [0x00000000e0000000, 0x00000000ff200000, 0x0000000100000000)
  eden space 472064K, 43% used [0x00000000e0000000,0x00000000ec695290,0x00000000fcd00000)
  from space 10240K, 75% used [0x00000000fe800000,0x00000000fef8a420,0x00000000ff200000)
  to   space 18944K, 0% used [0x00000000fcd00000,0x00000000fcd00000,0x00000000fdf80000)
 ParOldGen       total 141824K, used 44055K [0x00000000a0000000, 0x00000000a8a80000, 0x00000000e0000000)
  object space 141824K, 31% used [0x00000000a0000000,0x00000000a2b05dc0,0x00000000a8a80000)
 Metaspace       used 93297K, capacity 98938K, committed 100760K, reserved 1136640K
  class space    used 11698K, capacity 12692K, committed 13216K, reserved 1048576K

Card table byte_map: [0x00000000118a0000,0x0000000011bb0000] byte_map_base: 0x00000000113a0000

Marking Bits: (ParMarkBitMap*) 0x0000000068d05aa0
 Begin Bits: [0x0000000012ab0000, 0x00000000142b0000)
 End Bits:   [0x00000000142b0000, 0x0000000015ab0000)

Polling page: 0x0000000000a20000

CodeCache: size=245760Kb used=72188Kb max_used=72196Kb free=173571Kb
 bounds [0x00000000024e0000, 0x0000000006be0000, 0x00000000114e0000]
 total_blobs=21471 nmethods=20588 adapters=791
 compilation: enabled

Compilation events (10 events):
Event: 2430.402 Thread 0x0000000018220800 nmethod 25711 0x0000000006bc9650 code [0x0000000006bc97c0, 0x0000000006bc9e38]
Event: 2430.402 Thread 0x0000000018220800 25713       4       com.android.tools.r8.ir.conversion.IRConverter$$Lambda$753/1485340397::test (8 bytes)
Event: 2430.403 Thread 0x0000000018223800 nmethod 25712 0x0000000006bc6690 code [0x0000000006bc67e0, 0x0000000006bc6a98]
Event: 2430.404 Thread 0x0000000018220800 nmethod 25713 0x0000000006bcb7d0 code [0x0000000006bcb940, 0x0000000006bcbb38]
Event: 2430.407 Thread 0x0000000018294000 nmethod 25706 0x0000000006bd0910 code [0x0000000006bd0b20, 0x0000000006bd1b08]
Event: 2430.416 Thread 0x0000000018222800 nmethod 25699 0x0000000006bd29d0 code [0x0000000006bd2d40, 0x0000000006bd4a50]
Event: 2430.417 Thread 0x000000001822a800 nmethod 25708% 0x0000000006bd7550 code [0x0000000006bd77c0, 0x0000000006bd8710]
Event: 2430.419 Thread 0x00000000182b4000 25714 %     3       com.android.tools.r8.ir.regalloc.LinearScanRegisterAllocator::removeSpillAndPhiMoves @ 35 (76 bytes)
Event: 2430.419 Thread 0x0000000018223800 25715       4       com.android.tools.r8.ir.regalloc.LinearScanRegisterAllocator::resolveControlFlow (444 bytes)
Event: 2430.420 Thread 0x00000000182b4000 nmethod 25714% 0x0000000006bcea90 code [0x0000000006bced40, 0x0000000006bcff88]

GC Heap History (10 events):
Event: 1482.632 GC heap before
{Heap before GC invocations=28 (full 4):
 PSYoungGen      total 266240K, used 249609K [0x00000000e0000000, 0x00000000f6c00000, 0x0000000100000000)
  eden space 247296K, 100% used [0x00000000e0000000,0x00000000ef180000,0x00000000ef180000)
  from space 18944K, 12% used [0x00000000ef180000,0x00000000ef3c2430,0x00000000f0400000)
  to   space 19968K, 0% used [0x00000000f5880000,0x00000000f5880000,0x00000000f6c00000)
 ParOldGen       total 141824K, used 42116K [0x00000000a0000000, 0x00000000a8a80000, 0x00000000e0000000)
  object space 141824K, 29% used [0x00000000a0000000,0x00000000a29213b8,0x00000000a8a80000)
 Metaspace       used 92100K, capacity 97598K, committed 99480K, reserved 1136640K
  class space    used 11648K, capacity 12638K, committed 13216K, reserved 1048576K
Event: 1482.637 GC heap after
Heap after GC invocations=28 (full 4):
 PSYoungGen      total 344576K, used 6400K [0x00000000e0000000, 0x00000000f6800000, 0x0000000100000000)
  eden space 328704K, 0% used [0x00000000e0000000,0x00000000e0000000,0x00000000f4100000)
  from space 15872K, 40% used [0x00000000f5880000,0x00000000f5ec0090,0x00000000f6800000)
  to   space 19968K, 0% used [0x00000000f4100000,0x00000000f4100000,0x00000000f5480000)
 ParOldGen       total 141824K, used 42124K [0x00000000a0000000, 0x00000000a8a80000, 0x00000000e0000000)
  object space 141824K, 29% used [0x00000000a0000000,0x00000000a29233b8,0x00000000a8a80000)
 Metaspace       used 92100K, capacity 97598K, committed 99480K, reserved 1136640K
  class space    used 11648K, capacity 12638K, committed 13216K, reserved 1048576K
}
Event: 1484.317 GC heap before
{Heap before GC invocations=29 (full 4):
 PSYoungGen      total 344576K, used 335104K [0x00000000e0000000, 0x00000000f6800000, 0x0000000100000000)
  eden space 328704K, 100% used [0x00000000e0000000,0x00000000f4100000,0x00000000f4100000)
  from space 15872K, 40% used [0x00000000f5880000,0x00000000f5ec0090,0x00000000f6800000)
  to   space 19968K, 0% used [0x00000000f4100000,0x00000000f4100000,0x00000000f5480000)
 ParOldGen       total 141824K, used 42124K [0x00000000a0000000, 0x00000000a8a80000, 0x00000000e0000000)
  object space 141824K, 29% used [0x00000000a0000000,0x00000000a29233b8,0x00000000a8a80000)
 Metaspace       used 92337K, capacity 97994K, committed 99992K, reserved 1136640K
  class space    used 11648K, capacity 12638K, committed 13216K, reserved 1048576K
Event: 1484.328 GC heap after
Heap after GC invocations=29 (full 4):
 PSYoungGen      total 348672K, used 12013K [0x00000000e0000000, 0x00000000fb200000, 0x0000000100000000)
  eden space 328704K, 0% used [0x00000000e0000000,0x00000000e0000000,0x00000000f4100000)
  from space 19968K, 60% used [0x00000000f4100000,0x00000000f4cbb780,0x00000000f5480000)
  to   space 19456K, 0% used [0x00000000f9f00000,0x00000000f9f00000,0x00000000fb200000)
 ParOldGen       total 141824K, used 42132K [0x00000000a0000000, 0x00000000a8a80000, 0x00000000e0000000)
  object space 141824K, 29% used [0x00000000a0000000,0x00000000a29253b8,0x00000000a8a80000)
 Metaspace       used 92337K, capacity 97994K, committed 99992K, reserved 1136640K
  class space    used 11648K, capacity 12638K, committed 13216K, reserved 1048576K
}
Event: 1830.149 GC heap before
{Heap before GC invocations=30 (full 4):
 PSYoungGen      total 348672K, used 340717K [0x00000000e0000000, 0x00000000fb200000, 0x0000000100000000)
  eden space 328704K, 100% used [0x00000000e0000000,0x00000000f4100000,0x00000000f4100000)
  from space 19968K, 60% used [0x00000000f4100000,0x00000000f4cbb780,0x00000000f5480000)
  to   space 19456K, 0% used [0x00000000f9f00000,0x00000000f9f00000,0x00000000fb200000)
 ParOldGen       total 141824K, used 42132K [0x00000000a0000000, 0x00000000a8a80000, 0x00000000e0000000)
  object space 141824K, 29% used [0x00000000a0000000,0x00000000a29253b8,0x00000000a8a80000)
 Metaspace       used 92578K, capacity 98176K, committed 99992K, reserved 1136640K
  class space    used 11652K, capacity 12647K, committed 13216K, reserved 1048576K
Event: 1830.156 GC heap after
Heap after GC invocations=30 (full 4):
 PSYoungGen      total 414720K, used 5702K [0x00000000e0000000, 0x00000000fad00000, 0x0000000100000000)
  eden space 400384K, 0% used [0x00000000e0000000,0x00000000e0000000,0x00000000f8700000)
  from space 14336K, 39% used [0x00000000f9f00000,0x00000000fa491ac8,0x00000000fad00000)
  to   space 19456K, 0% used [0x00000000f8700000,0x00000000f8700000,0x00000000f9a00000)
 ParOldGen       total 141824K, used 43047K [0x00000000a0000000, 0x00000000a8a80000, 0x00000000e0000000)
  object space 141824K, 30% used [0x00000000a0000000,0x00000000a2a09d80,0x00000000a8a80000)
 Metaspace       used 92578K, capacity 98176K, committed 99992K, reserved 1136640K
  class space    used 11652K, capacity 12647K, committed 13216K, reserved 1048576K
}
Event: 1982.139 GC heap before
{Heap before GC invocations=31 (full 4):
 PSYoungGen      total 414720K, used 405972K [0x00000000e0000000, 0x00000000fad00000, 0x0000000100000000)
  eden space 400384K, 99% used [0x00000000e0000000,0x00000000f86e3690,0x00000000f8700000)
  from space 14336K, 39% used [0x00000000f9f00000,0x00000000fa491ac8,0x00000000fad00000)
  to   space 19456K, 0% used [0x00000000f8700000,0x00000000f8700000,0x00000000f9a00000)
 ParOldGen       total 141824K, used 43047K [0x00000000a0000000, 0x00000000a8a80000, 0x00000000e0000000)
  object space 141824K, 30% used [0x00000000a0000000,0x00000000a2a09d80,0x00000000a8a80000)
 Metaspace       used 92873K, capacity 98510K, committed 100248K, reserved 1136640K
  class space    used 11682K, capacity 12692K, committed 13216K, reserved 1048576K
Event: 1982.145 GC heap after
Heap after GC invocations=31 (full 4):
 PSYoungGen      total 419840K, used 5622K [0x00000000e0000000, 0x00000000ffb00000, 0x0000000100000000)
  eden space 400384K, 0% used [0x00000000e0000000,0x00000000e0000000,0x00000000f8700000)
  from space 19456K, 28% used [0x00000000f8700000,0x00000000f8c7d940,0x00000000f9a00000)
  to   space 19456K, 0% used [0x00000000fe800000,0x00000000fe800000,0x00000000ffb00000)
 ParOldGen       total 141824K, used 43655K [0x00000000a0000000, 0x00000000a8a80000, 0x00000000e0000000)
  object space 141824K, 30% used [0x00000000a0000000,0x00000000a2aa1d80,0x00000000a8a80000)
 Metaspace       used 92873K, capacity 98510K, committed 100248K, reserved 1136640K
  class space    used 11682K, capacity 12692K, committed 13216K, reserved 1048576K
}
Event: 2227.954 GC heap before
{Heap before GC invocations=32 (full 4):
 PSYoungGen      total 419840K, used 406006K [0x00000000e0000000, 0x00000000ffb00000, 0x0000000100000000)
  eden space 400384K, 100% used [0x00000000e0000000,0x00000000f8700000,0x00000000f8700000)
  from space 19456K, 28% used [0x00000000f8700000,0x00000000f8c7d940,0x00000000f9a00000)
  to   space 19456K, 0% used [0x00000000fe800000,0x00000000fe800000,0x00000000ffb00000)
 ParOldGen       total 141824K, used 43655K [0x00000000a0000000, 0x00000000a8a80000, 0x00000000e0000000)
  object space 141824K, 30% used [0x00000000a0000000,0x00000000a2aa1d80,0x00000000a8a80000)
 Metaspace       used 93180K, capacity 98858K, committed 100504K, reserved 1136640K
  class space    used 11698K, capacity 12692K, committed 13216K, reserved 1048576K
Event: 2227.964 GC heap after
Heap after GC invocations=32 (full 4):
 PSYoungGen      total 482304K, used 7721K [0x00000000e0000000, 0x00000000ff200000, 0x0000000100000000)
  eden space 472064K, 0% used [0x00000000e0000000,0x00000000e0000000,0x00000000fcd00000)
  from space 10240K, 75% used [0x00000000fe800000,0x00000000fef8a420,0x00000000ff200000)
  to   space 18944K, 0% used [0x00000000fcd00000,0x00000000fcd00000,0x00000000fdf80000)
 ParOldGen       total 141824K, used 44055K [0x00000000a0000000, 0x00000000a8a80000, 0x00000000e0000000)
  object space 141824K, 31% used [0x00000000a0000000,0x00000000a2b05dc0,0x00000000a8a80000)
 Metaspace       used 93180K, capacity 98858K, committed 100504K, reserved 1136640K
  class space    used 11698K, capacity 12692K, committed 13216K, reserved 1048576K
}

Deoptimization events (10 events):
Event: 1982.739 Thread 0x000000001bc5f800 Uncommon trap: reason=bimorphic action=maybe_recompile pc=0x00000000034f38b4 method=com.google.common.collect.AbstractMapBasedMultimap.put(Ljava/lang/Object;Ljava/lang/Object;)Z @ 5
Event: 1982.741 Thread 0x000000001bc5f800 Uncommon trap: reason=unstable_if action=reinterpret pc=0x0000000005493194 method=org.gradle.internal.logging.sink.OutputEventTransformer.onOutput(Lorg/gradle/internal/logging/events/OutputEvent;)V @ 283
Event: 2085.762 Thread 0x000000001f81b800 Uncommon trap: reason=unstable_if action=reinterpret pc=0x000000000451c4c4 method=org.gradle.internal.logging.console.BuildLogLevelFilterRenderer.onOutput(Lorg/gradle/internal/logging/events/OutputEvent;)V @ 18
Event: 2228.405 Thread 0x0000000023514000 Uncommon trap: reason=unstable_if action=reinterpret pc=0x00000000030442ac method=com.android.tools.r8.ir.code.Value.isUsed()Z @ 24
Event: 2228.405 Thread 0x0000000023514000 Uncommon trap: reason=unstable_if action=reinterpret pc=0x0000000006722050 method=com.android.tools.r8.ir.code.Value.replaceUsers(Lcom/android/tools/r8/ir/code/Value;)V @ 2
Event: 2228.405 Thread 0x0000000023514000 Uncommon trap: reason=unstable_if action=reinterpret pc=0x000000000575c260 method=com.android.tools.r8.ir.code.Value.isUsed()Z @ 24
Event: 2430.053 Thread 0x000000001f3cf800 Uncommon trap: reason=array_check action=maybe_recompile pc=0x0000000004d43e50 method=java.util.ComparableTimSort.mergeHi(IIII)V @ 654
Event: 2430.053 Thread 0x000000001f3cf800 Uncommon trap: reason=array_check action=maybe_recompile pc=0x0000000004d43b9c method=java.util.ComparableTimSort.mergeHi(IIII)V @ 521
Event: 2430.053 Thread 0x000000001f3cf800 Uncommon trap: reason=array_check action=maybe_recompile pc=0x0000000004d43b9c method=java.util.ComparableTimSort.mergeHi(IIII)V @ 521
Event: 2430.053 Thread 0x000000001f3cf800 Uncommon trap: reason=array_check action=maybe_recompile pc=0x0000000004d0d5d8 method=java.util.ComparableTimSort.mergeHi(IIII)V @ 521

Classes redefined (0 events):
No events

Internal exceptions (10 events):
Event: 2131.835 Thread 0x000000001fdc3000 Exception <a 'sun/nio/fs/WindowsException'> (0x00000000f3b856f8) thrown at [D:\src\AOSP-openjdk-cygwin\jdk8u\hotspot\src\share\vm\prims\jni.cpp, line 709]
Event: 2227.843 Thread 0x000000002206b000 Exception <a 'sun/nio/fs/WindowsException'> (0x00000000f7158180) thrown at [D:\src\AOSP-openjdk-cygwin\jdk8u\hotspot\src\share\vm\prims\jni.cpp, line 709]
Event: 2228.370 Thread 0x0000000023514000 Exception <a 'sun/nio/fs/WindowsException'> (0x00000000e3976380) thrown at [D:\src\AOSP-openjdk-cygwin\jdk8u\hotspot\src\share\vm\prims\jni.cpp, line 709]
Event: 2228.423 Thread 0x0000000023514000 Exception <a 'sun/nio/fs/WindowsException'> (0x00000000e48c9740) thrown at [D:\src\AOSP-openjdk-cygwin\jdk8u\hotspot\src\share\vm\prims\jni.cpp, line 709]
Event: 2228.429 Thread 0x0000000023514000 Exception <a 'sun/nio/fs/WindowsException'> (0x00000000e4952ae0) thrown at [D:\src\AOSP-openjdk-cygwin\jdk8u\hotspot\src\share\vm\prims\jni.cpp, line 709]
Event: 2228.434 Thread 0x0000000023514000 Exception <a 'sun/nio/fs/WindowsException'> (0x00000000e495b850) thrown at [D:\src\AOSP-openjdk-cygwin\jdk8u\hotspot\src\share\vm\prims\jni.cpp, line 709]
Event: 2228.498 Thread 0x000000001e880800 Exception <a 'sun/nio/fs/WindowsException'> (0x00000000e4dde5b8) thrown at [D:\src\AOSP-openjdk-cygwin\jdk8u\hotspot\src\share\vm\prims\jni.cpp, line 709]
Event: 2228.513 Thread 0x000000001f819800 Exception <a 'sun/nio/fs/WindowsException'> (0x00000000e5518460) thrown at [D:\src\AOSP-openjdk-cygwin\jdk8u\hotspot\src\share\vm\prims\jni.cpp, line 709]
Event: 2429.807 Thread 0x000000001f813800 Exception <a 'sun/nio/fs/WindowsException'> (0x00000000e6d884b0) thrown at [D:\src\AOSP-openjdk-cygwin\jdk8u\hotspot\src\share\vm\prims\jni.cpp, line 709]
Event: 2430.373 Thread 0x000000002206e000 Exception <a 'sun/nio/fs/WindowsException'> (0x00000000ebb10fb8) thrown at [D:\src\AOSP-openjdk-cygwin\jdk8u\hotspot\src\share\vm\prims\jni.cpp, line 709]

Events (10 events):
Event: 2430.278 Executing VM operation: RevokeBias
Event: 2430.279 Executing VM operation: RevokeBias done
Event: 2430.370 Thread 0x0000000023515800 Thread added: 0x0000000023515800
Event: 2430.370 Thread 0x0000000023512800 Thread added: 0x0000000023512800
Event: 2430.375 Thread 0x000000002206e000 DEOPT PACKING pc=0x000000000668b6d4 sp=0x000000002fd0df30
Event: 2430.375 Thread 0x000000002206e000 DEOPT UNPACKING pc=0x00000000025271d0 sp=0x000000002fd0de20 mode 0
Event: 2430.388 Thread 0x000000002206e000 DEOPT PACKING pc=0x00000000066d5a30 sp=0x000000002fd0e870
Event: 2430.388 Thread 0x000000002206e000 DEOPT UNPACKING pc=0x00000000025271d0 sp=0x000000002fd0e5c0 mode 0
Event: 2430.419 Thread 0x000000002206e000 DEOPT PACKING pc=0x0000000005ad465b sp=0x000000002fd0e3a0
Event: 2430.419 Thread 0x000000002206e000 DEOPT UNPACKING pc=0x00000000025271d0 sp=0x000000002fd0e1d0 mode 0


Dynamic libraries:
0x00007ff7cedf0000 - 0x00007ff7cee21000 	C:\Users\Dal\Downloads\android-studio-ide-182.5035453-windows\android-studio\jre\bin\java.exe
0x00007fff8e320000 - 0x00007fff8e50d000 	C:\WINDOWS\SYSTEM32\ntdll.dll
0x00007fff8e230000 - 0x00007fff8e2e3000 	C:\WINDOWS\System32\KERNEL32.DLL
0x00007fff8a3f0000 - 0x00007fff8a683000 	C:\WINDOWS\System32\KERNELBASE.dll
0x00007fff8ba90000 - 0x00007fff8bb33000 	C:\WINDOWS\System32\ADVAPI32.dll
0x00007fff8c2d0000 - 0x00007fff8c36e000 	C:\WINDOWS\System32\msvcrt.dll
0x00007fff8bb40000 - 0x00007fff8bbde000 	C:\WINDOWS\System32\sechost.dll
0x00007fff8b940000 - 0x00007fff8ba63000 	C:\WINDOWS\System32\RPCRT4.dll
0x00007fff8c9c0000 - 0x00007fff8cb57000 	C:\WINDOWS\System32\USER32.dll
0x00007fff8ae80000 - 0x00007fff8aea0000 	C:\WINDOWS\System32\win32u.dll
0x00007fff8c110000 - 0x00007fff8c139000 	C:\WINDOWS\System32\GDI32.dll
0x00007fff8aea0000 - 0x00007fff8b03a000 	C:\WINDOWS\System32\gdi32full.dll
0x00007fff8a690000 - 0x00007fff8a730000 	C:\WINDOWS\System32\msvcp_win.dll
0x00007fff8b1c0000 - 0x00007fff8b2bc000 	C:\WINDOWS\System32\ucrtbase.dll
0x00007fff7f4c0000 - 0x00007fff7f739000 	C:\WINDOWS\WinSxS\amd64_microsoft.windows.common-controls_6595b64144ccf1df_6.0.17763.55_none_bfabd67a2c8ec77e\COMCTL32.dll
0x00007fff8bde0000 - 0x00007fff8c10e000 	C:\WINDOWS\System32\combase.dll
0x00007fff8b040000 - 0x00007fff8b0be000 	C:\WINDOWS\System32\bcryptPrimitives.dll
0x00007fff8c370000 - 0x00007fff8c39e000 	C:\WINDOWS\System32\IMM32.DLL
0x00000000658b0000 - 0x0000000065982000 	C:\Users\Dal\Downloads\android-studio-ide-182.5035453-windows\android-studio\jre\jre\bin\msvcr100.dll
0x0000000068540000 - 0x0000000068d81000 	C:\Users\Dal\Downloads\android-studio-ide-182.5035453-windows\android-studio\jre\jre\bin\server\jvm.dll
0x00007fff8bdd0000 - 0x00007fff8bdd8000 	C:\WINDOWS\System32\PSAPI.DLL
0x00007fff853a0000 - 0x00007fff853aa000 	C:\WINDOWS\SYSTEM32\VERSION.dll
0x00007fff88430000 - 0x00007fff88454000 	C:\WINDOWS\SYSTEM32\WINMM.dll
0x00007fff83d90000 - 0x00007fff83d99000 	C:\WINDOWS\SYSTEM32\WSOCK32.dll
0x00007fff882d0000 - 0x00007fff882fd000 	C:\WINDOWS\SYSTEM32\WINMMBASE.dll
0x00007fff8b170000 - 0x00007fff8b1ba000 	C:\WINDOWS\System32\cfgmgr32.dll
0x00007fff8c820000 - 0x00007fff8c88d000 	C:\WINDOWS\System32\ws2_32.DLL
0x00007fff811f0000 - 0x00007fff811ff000 	C:\Users\Dal\Downloads\android-studio-ide-182.5035453-windows\android-studio\jre\jre\bin\verify.dll
0x00007fff7ea80000 - 0x00007fff7eaa9000 	C:\Users\Dal\Downloads\android-studio-ide-182.5035453-windows\android-studio\jre\jre\bin\java.dll
0x00007fff7e940000 - 0x00007fff7e956000 	C:\Users\Dal\Downloads\android-studio-ide-182.5035453-windows\android-studio\jre\jre\bin\zip.dll
0x00007fff8cb60000 - 0x00007fff8e04f000 	C:\WINDOWS\System32\SHELL32.dll
0x00007fff8e050000 - 0x00007fff8e0f8000 	C:\WINDOWS\System32\shcore.dll
0x00007fff8a730000 - 0x00007fff8ae78000 	C:\WINDOWS\System32\windows.storage.dll
0x00007fff8a340000 - 0x00007fff8a364000 	C:\WINDOWS\System32\profapi.dll
0x00007fff8a370000 - 0x00007fff8a3cd000 	C:\WINDOWS\System32\powrprof.dll
0x00007fff8c270000 - 0x00007fff8c2c2000 	C:\WINDOWS\System32\shlwapi.dll
0x00007fff8a3d0000 - 0x00007fff8a3e1000 	C:\WINDOWS\System32\kernel.appcore.dll
0x00007fff8b150000 - 0x00007fff8b167000 	C:\WINDOWS\System32\cryptsp.dll
0x00007fff74ab0000 - 0x00007fff74aca000 	C:\Users\Dal\Downloads\android-studio-ide-182.5035453-windows\android-studio\jre\jre\bin\net.dll
0x00007fff89b60000 - 0x00007fff89bc7000 	C:\WINDOWS\system32\mswsock.dll
0x00007fff738e0000 - 0x00007fff738f1000 	C:\Users\Dal\Downloads\android-studio-ide-182.5035453-windows\android-studio\jre\jre\bin\nio.dll
0x00007fff74170000 - 0x00007fff7418e000 	C:\Users\Dal\.gradle\native\25\windows-amd64\native-platform.dll
0x00007fff7f8b0000 - 0x00007fff7f8bd000 	C:\Users\Dal\Downloads\android-studio-ide-182.5035453-windows\android-studio\jre\jre\bin\management.dll
0x00007fff89730000 - 0x00007fff89763000 	C:\WINDOWS\system32\rsaenh.dll
0x00007fff8b0c0000 - 0x00007fff8b0e6000 	C:\WINDOWS\System32\bcrypt.dll
0x00007fff8a220000 - 0x00007fff8a248000 	C:\WINDOWS\SYSTEM32\USERENV.dll
0x00007fff89ce0000 - 0x00007fff89cec000 	C:\WINDOWS\SYSTEM32\CRYPTBASE.dll
0x00007fff898d0000 - 0x00007fff8990d000 	C:\WINDOWS\SYSTEM32\IPHLPAPI.DLL
0x00007fff8b760000 - 0x00007fff8b768000 	C:\WINDOWS\System32\NSI.dll
0x00007fff84da0000 - 0x00007fff84db6000 	C:\WINDOWS\SYSTEM32\dhcpcsvc6.DLL
0x00007fff84d80000 - 0x00007fff84d9c000 	C:\WINDOWS\SYSTEM32\dhcpcsvc.DLL
0x00007fff89910000 - 0x00007fff899d6000 	C:\WINDOWS\SYSTEM32\DNSAPI.dll
0x00007fff7aba0000 - 0x00007fff7ad8d000 	C:\WINDOWS\SYSTEM32\dbghelp.dll

VM Arguments:
jvm_args: -Xmx1536m -Dfile.encoding=windows-1252 -Duser.country=US -Duser.language=en -Duser.variant 
java_command: org.gradle.launcher.daemon.bootstrap.GradleDaemon 4.10.1
java_class_path (initial): C:\Users\Dal\.gradle\wrapper\dists\gradle-4.10.1-all\455itskqi2qtf0v2sja68alqd\gradle-4.10.1\lib\gradle-launcher-4.10.1.jar
Launcher Type: SUN_STANDARD

Environment Variables:
PATH=C:\Program Files\NVIDIA GPU Computing Toolkit\CUDA\v8.0\bin;C:\Program Files\NVIDIA GPU Computing Toolkit\CUDA\v8.0\libnvvp;C:\ProgramData\Oracle\Java\javapath;C:\Program Files (x86)\Razer Chroma SDK\bin;C:\Program Files\Razer Chroma SDK\bin;C:\Windows\system32;C:\Windows;C:\Windows\System32\Wbem;C:\Windows\System32\WindowsPowerShell\v1.0\;C:\WINDOWS\system32;C:\WINDOWS;C:\WINDOWS\System32\Wbem;C:\WINDOWS\System32\WindowsPowerShell\v1.0\;C:\Program Files (x86)\NVIDIA Corporation\PhysX\Common;C:\WINDOWS\system32;C:\WINDOWS;C:\WINDOWS\System32\Wbem;C:\WINDOWS\System32\WindowsPowerShell\v1.0\;C:\WINDOWS\System32\OpenSSH\;C:\Program Files (x86)\Brackets\command;C:\Program Files\Git\cmd;C:\Users\Dal\AppData\Local\Microsoft\WindowsApps;%USERPROFILE%\AppData\Local\Microsoft\WindowsApps;
USERNAME=Dal
OS=Windows_NT
PROCESSOR_IDENTIFIER=AMD64 Family 23 Model 1 Stepping 1, AuthenticAMD



---------------  S Y S T E M  ---------------

OS: Windows 10.0 , 64 bit Build 17763 (10.0.17763.1)

CPU:total 16 (initial active 16) (16 cores per cpu, 1 threads per core) family 23 model 1 stepping 1, cmov, cx8, fxsr, mmx, sse, sse2, sse3, ssse3, sse4.1, sse4.2, popcnt, avx, avx2, aes, clmul, mmxext, 3dnowpref, lzcnt, sse4a, tsc, tscinvbit, tscinv, bmi1

Memory: 4k page, physical 16710312k(4359908k free), swap 16710312k(1910908k free)

vm_info: OpenJDK 64-Bit Server VM (25.152-b01) for windows-amd64 JRE (1.8.0_152-release-1248-b01), built by "builder" with MS VC++ 10.0 (VS2010)

time: Tue Oct 23 14:18:49 2018
elapsed time: 2430 seconds (0d 0h 40m 30s)

